{"/Users/hargunbedi/Desktop/capstone/aiboardgame/src/visualization_v1/src/data/getData.js": {"path":"/Users/hargunbedi/Desktop/capstone/aiboardgame/src/visualization_v1/src/data/getData.js","statementMap":{"0":{"start":{"line":6,"column":4},"end":{"line":6,"column":21}},"1":{"start":{"line":7,"column":4},"end":{"line":7,"column":33}},"2":{"start":{"line":11,"column":4},"end":{"line":11,"column":21}},"3":{"start":{"line":15,"column":23},"end":{"line":15,"column":25}},"4":{"start":{"line":16,"column":4},"end":{"line":29,"column":7}},"5":{"start":{"line":17,"column":21},"end":{"line":17,"column":23}},"6":{"start":{"line":19,"column":6},"end":{"line":27,"column":9}},"7":{"start":{"line":20,"column":8},"end":{"line":26,"column":9}},"8":{"start":{"line":25,"column":10},"end":{"line":25,"column":38}},"9":{"start":{"line":28,"column":6},"end":{"line":28,"column":34}},"10":{"start":{"line":30,"column":4},"end":{"line":30,"column":24}},"11":{"start":{"line":34,"column":18},"end":{"line":34,"column":50}},"12":{"start":{"line":35,"column":24},"end":{"line":35,"column":26}},"13":{"start":{"line":37,"column":4},"end":{"line":46,"column":7}},"14":{"start":{"line":38,"column":6},"end":{"line":43,"column":9}},"15":{"start":{"line":39,"column":8},"end":{"line":42,"column":9}},"16":{"start":{"line":40,"column":31},"end":{"line":40,"column":53}},"17":{"start":{"line":41,"column":10},"end":{"line":41,"column":71}},"18":{"start":{"line":45,"column":6},"end":{"line":45,"column":34}},"19":{"start":{"line":47,"column":4},"end":{"line":47,"column":25}},"20":{"start":{"line":51,"column":4},"end":{"line":51,"column":70}},"21":{"start":{"line":55,"column":21},"end":{"line":55,"column":23}},"22":{"start":{"line":57,"column":4},"end":{"line":63,"column":7}},"23":{"start":{"line":58,"column":6},"end":{"line":62,"column":7}},"24":{"start":{"line":59,"column":8},"end":{"line":61,"column":9}},"25":{"start":{"line":60,"column":10},"end":{"line":60,"column":40}},"26":{"start":{"line":65,"column":4},"end":{"line":65,"column":22}},"27":{"start":{"line":69,"column":18},"end":{"line":69,"column":20}},"28":{"start":{"line":70,"column":4},"end":{"line":72,"column":7}},"29":{"start":{"line":71,"column":6},"end":{"line":71,"column":54}},"30":{"start":{"line":74,"column":4},"end":{"line":74,"column":19}},"31":{"start":{"line":78,"column":27},"end":{"line":78,"column":64}},"32":{"start":{"line":80,"column":18},"end":{"line":80,"column":40}},"33":{"start":{"line":81,"column":4},"end":{"line":90,"column":7}},"34":{"start":{"line":82,"column":25},"end":{"line":82,"column":66}},"35":{"start":{"line":84,"column":6},"end":{"line":89,"column":9}},"36":{"start":{"line":85,"column":25},"end":{"line":87,"column":9}},"37":{"start":{"line":86,"column":19},"end":{"line":86,"column":54}},"38":{"start":{"line":88,"column":8},"end":{"line":88,"column":38}},"39":{"start":{"line":92,"column":4},"end":{"line":92,"column":19}},"40":{"start":{"line":96,"column":18},"end":{"line":96,"column":20}},"41":{"start":{"line":97,"column":4},"end":{"line":99,"column":7}},"42":{"start":{"line":98,"column":6},"end":{"line":98,"column":50}},"43":{"start":{"line":101,"column":4},"end":{"line":101,"column":19}},"44":{"start":{"line":105,"column":27},"end":{"line":105,"column":64}},"45":{"start":{"line":107,"column":18},"end":{"line":107,"column":36}},"46":{"start":{"line":108,"column":4},"end":{"line":117,"column":7}},"47":{"start":{"line":109,"column":25},"end":{"line":109,"column":66}},"48":{"start":{"line":111,"column":6},"end":{"line":116,"column":9}},"49":{"start":{"line":112,"column":25},"end":{"line":114,"column":9}},"50":{"start":{"line":113,"column":19},"end":{"line":113,"column":54}},"51":{"start":{"line":115,"column":8},"end":{"line":115,"column":34}},"52":{"start":{"line":119,"column":4},"end":{"line":119,"column":19}},"53":{"start":{"line":123,"column":4},"end":{"line":128,"column":7}},"54":{"start":{"line":124,"column":6},"end":{"line":126,"column":7}},"55":{"start":{"line":125,"column":8},"end":{"line":125,"column":50}},"56":{"start":{"line":127,"column":6},"end":{"line":127,"column":15}},"57":{"start":{"line":132,"column":17},"end":{"line":132,"column":57}},"58":{"start":{"line":133,"column":4},"end":{"line":133,"column":34}},"59":{"start":{"line":134,"column":24},"end":{"line":136,"column":6}},"60":{"start":{"line":135,"column":6},"end":{"line":135,"column":34}},"61":{"start":{"line":137,"column":4},"end":{"line":137,"column":23}},"62":{"start":{"line":141,"column":17},"end":{"line":141,"column":19}},"63":{"start":{"line":142,"column":14},"end":{"line":142,"column":16}},"64":{"start":{"line":143,"column":27},"end":{"line":143,"column":64}},"65":{"start":{"line":145,"column":4},"end":{"line":167,"column":7}},"66":{"start":{"line":146,"column":20},"end":{"line":146,"column":21}},"67":{"start":{"line":147,"column":25},"end":{"line":147,"column":66}},"68":{"start":{"line":148,"column":19},"end":{"line":148,"column":49}},"69":{"start":{"line":149,"column":6},"end":{"line":166,"column":9}},"70":{"start":{"line":150,"column":24},"end":{"line":150,"column":68}},"71":{"start":{"line":151,"column":8},"end":{"line":154,"column":9}},"72":{"start":{"line":152,"column":10},"end":{"line":152,"column":33}},"73":{"start":{"line":153,"column":10},"end":{"line":153,"column":26}},"74":{"start":{"line":156,"column":8},"end":{"line":156,"column":36}},"75":{"start":{"line":157,"column":8},"end":{"line":157,"column":18}},"76":{"start":{"line":159,"column":8},"end":{"line":165,"column":9}},"77":{"start":{"line":160,"column":10},"end":{"line":163,"column":11}},"78":{"start":{"line":161,"column":12},"end":{"line":161,"column":38}},"79":{"start":{"line":162,"column":12},"end":{"line":162,"column":28}},"80":{"start":{"line":164,"column":10},"end":{"line":164,"column":47}},"81":{"start":{"line":169,"column":4},"end":{"line":169,"column":25}},"82":{"start":{"line":173,"column":27},"end":{"line":173,"column":64}},"83":{"start":{"line":174,"column":17},"end":{"line":174,"column":19}},"84":{"start":{"line":175,"column":4},"end":{"line":177,"column":7}},"85":{"start":{"line":176,"column":6},"end":{"line":176,"column":65}},"86":{"start":{"line":179,"column":4},"end":{"line":179,"column":18}},"87":{"start":{"line":197,"column":18},"end":{"line":197,"column":20}},"88":{"start":{"line":198,"column":23},"end":{"line":198,"column":46}},"89":{"start":{"line":199,"column":4},"end":{"line":207,"column":7}},"90":{"start":{"line":200,"column":6},"end":{"line":206,"column":7}},"91":{"start":{"line":201,"column":8},"end":{"line":205,"column":11}},"92":{"start":{"line":202,"column":28},"end":{"line":202,"column":56}},"93":{"start":{"line":204,"column":10},"end":{"line":204,"column":34}},"94":{"start":{"line":209,"column":4},"end":{"line":209,"column":19}},"95":{"start":{"line":213,"column":17},"end":{"line":215,"column":27}},"96":{"start":{"line":215,"column":21},"end":{"line":215,"column":26}},"97":{"start":{"line":217,"column":4},"end":{"line":217,"column":18}},"98":{"start":{"line":221,"column":27},"end":{"line":221,"column":64}},"99":{"start":{"line":223,"column":17},"end":{"line":223,"column":18}},"100":{"start":{"line":224,"column":4},"end":{"line":231,"column":7}},"101":{"start":{"line":225,"column":25},"end":{"line":225,"column":66}},"102":{"start":{"line":226,"column":20},"end":{"line":226,"column":50}},"103":{"start":{"line":228,"column":6},"end":{"line":230,"column":7}},"104":{"start":{"line":229,"column":8},"end":{"line":229,"column":23}},"105":{"start":{"line":232,"column":4},"end":{"line":232,"column":22}}},"fnMap":{"0":{"name":"(anonymous_0)","decl":{"start":{"line":5,"column":2},"end":{"line":5,"column":3}},"loc":{"start":{"line":5,"column":59},"end":{"line":8,"column":3}},"line":5},"1":{"name":"(anonymous_1)","decl":{"start":{"line":10,"column":2},"end":{"line":10,"column":3}},"loc":{"start":{"line":10,"column":15},"end":{"line":12,"column":3}},"line":10},"2":{"name":"(anonymous_2)","decl":{"start":{"line":14,"column":2},"end":{"line":14,"column":3}},"loc":{"start":{"line":14,"column":20},"end":{"line":31,"column":3}},"line":14},"3":{"name":"(anonymous_3)","decl":{"start":{"line":16,"column":22},"end":{"line":16,"column":23}},"loc":{"start":{"line":16,"column":35},"end":{"line":29,"column":5}},"line":16},"4":{"name":"(anonymous_4)","decl":{"start":{"line":19,"column":38},"end":{"line":19,"column":39}},"loc":{"start":{"line":19,"column":48},"end":{"line":27,"column":7}},"line":19},"5":{"name":"(anonymous_5)","decl":{"start":{"line":33,"column":2},"end":{"line":33,"column":3}},"loc":{"start":{"line":33,"column":33},"end":{"line":48,"column":3}},"line":33},"6":{"name":"(anonymous_6)","decl":{"start":{"line":37,"column":20},"end":{"line":37,"column":21}},"loc":{"start":{"line":37,"column":33},"end":{"line":46,"column":5}},"line":37},"7":{"name":"(anonymous_7)","decl":{"start":{"line":38,"column":38},"end":{"line":38,"column":39}},"loc":{"start":{"line":38,"column":48},"end":{"line":43,"column":7}},"line":38},"8":{"name":"(anonymous_8)","decl":{"start":{"line":50,"column":2},"end":{"line":50,"column":3}},"loc":{"start":{"line":50,"column":35},"end":{"line":52,"column":3}},"line":50},"9":{"name":"(anonymous_9)","decl":{"start":{"line":54,"column":2},"end":{"line":54,"column":3}},"loc":{"start":{"line":54,"column":30},"end":{"line":66,"column":3}},"line":54},"10":{"name":"(anonymous_10)","decl":{"start":{"line":57,"column":33},"end":{"line":57,"column":34}},"loc":{"start":{"line":57,"column":43},"end":{"line":63,"column":5}},"line":57},"11":{"name":"(anonymous_11)","decl":{"start":{"line":68,"column":2},"end":{"line":68,"column":3}},"loc":{"start":{"line":68,"column":20},"end":{"line":75,"column":3}},"line":68},"12":{"name":"(anonymous_12)","decl":{"start":{"line":70,"column":44},"end":{"line":70,"column":45}},"loc":{"start":{"line":70,"column":56},"end":{"line":72,"column":5}},"line":70},"13":{"name":"(anonymous_13)","decl":{"start":{"line":77,"column":2},"end":{"line":77,"column":3}},"loc":{"start":{"line":77,"column":50},"end":{"line":93,"column":3}},"line":77},"14":{"name":"(anonymous_14)","decl":{"start":{"line":81,"column":43},"end":{"line":81,"column":44}},"loc":{"start":{"line":81,"column":59},"end":{"line":90,"column":5}},"line":81},"15":{"name":"(anonymous_15)","decl":{"start":{"line":84,"column":41},"end":{"line":84,"column":42}},"loc":{"start":{"line":84,"column":51},"end":{"line":89,"column":7}},"line":84},"16":{"name":"(anonymous_16)","decl":{"start":{"line":86,"column":10},"end":{"line":86,"column":11}},"loc":{"start":{"line":86,"column":19},"end":{"line":86,"column":54}},"line":86},"17":{"name":"(anonymous_17)","decl":{"start":{"line":95,"column":2},"end":{"line":95,"column":3}},"loc":{"start":{"line":95,"column":16},"end":{"line":102,"column":3}},"line":95},"18":{"name":"(anonymous_18)","decl":{"start":{"line":97,"column":44},"end":{"line":97,"column":45}},"loc":{"start":{"line":97,"column":56},"end":{"line":99,"column":5}},"line":97},"19":{"name":"(anonymous_19)","decl":{"start":{"line":104,"column":2},"end":{"line":104,"column":3}},"loc":{"start":{"line":104,"column":46},"end":{"line":120,"column":3}},"line":104},"20":{"name":"(anonymous_20)","decl":{"start":{"line":108,"column":43},"end":{"line":108,"column":44}},"loc":{"start":{"line":108,"column":59},"end":{"line":117,"column":5}},"line":108},"21":{"name":"(anonymous_21)","decl":{"start":{"line":111,"column":41},"end":{"line":111,"column":42}},"loc":{"start":{"line":111,"column":51},"end":{"line":116,"column":7}},"line":111},"22":{"name":"(anonymous_22)","decl":{"start":{"line":113,"column":10},"end":{"line":113,"column":11}},"loc":{"start":{"line":113,"column":19},"end":{"line":113,"column":54}},"line":113},"23":{"name":"(anonymous_23)","decl":{"start":{"line":122,"column":2},"end":{"line":122,"column":3}},"loc":{"start":{"line":122,"column":28},"end":{"line":129,"column":3}},"line":122},"24":{"name":"(anonymous_24)","decl":{"start":{"line":123,"column":17},"end":{"line":123,"column":18}},"loc":{"start":{"line":123,"column":27},"end":{"line":128,"column":5}},"line":123},"25":{"name":"(anonymous_25)","decl":{"start":{"line":131,"column":2},"end":{"line":131,"column":3}},"loc":{"start":{"line":131,"column":37},"end":{"line":138,"column":3}},"line":131},"26":{"name":"(anonymous_26)","decl":{"start":{"line":134,"column":38},"end":{"line":134,"column":39}},"loc":{"start":{"line":134,"column":50},"end":{"line":136,"column":5}},"line":134},"27":{"name":"(anonymous_27)","decl":{"start":{"line":140,"column":2},"end":{"line":140,"column":3}},"loc":{"start":{"line":140,"column":32},"end":{"line":170,"column":3}},"line":140},"28":{"name":"(anonymous_28)","decl":{"start":{"line":145,"column":43},"end":{"line":145,"column":44}},"loc":{"start":{"line":145,"column":59},"end":{"line":167,"column":5}},"line":145},"29":{"name":"(anonymous_29)","decl":{"start":{"line":149,"column":41},"end":{"line":149,"column":42}},"loc":{"start":{"line":149,"column":58},"end":{"line":166,"column":7}},"line":149},"30":{"name":"(anonymous_30)","decl":{"start":{"line":172,"column":2},"end":{"line":172,"column":3}},"loc":{"start":{"line":172,"column":27},"end":{"line":180,"column":3}},"line":172},"31":{"name":"(anonymous_31)","decl":{"start":{"line":175,"column":43},"end":{"line":175,"column":44}},"loc":{"start":{"line":175,"column":66},"end":{"line":177,"column":5}},"line":175},"32":{"name":"(anonymous_32)","decl":{"start":{"line":196,"column":2},"end":{"line":196,"column":3}},"loc":{"start":{"line":196,"column":27},"end":{"line":210,"column":3}},"line":196},"33":{"name":"(anonymous_33)","decl":{"start":{"line":199,"column":42},"end":{"line":199,"column":43}},"loc":{"start":{"line":199,"column":52},"end":{"line":207,"column":5}},"line":199},"34":{"name":"(anonymous_34)","decl":{"start":{"line":201,"column":37},"end":{"line":201,"column":38}},"loc":{"start":{"line":201,"column":49},"end":{"line":205,"column":9}},"line":201},"35":{"name":"(anonymous_35)","decl":{"start":{"line":212,"column":2},"end":{"line":212,"column":3}},"loc":{"start":{"line":212,"column":31},"end":{"line":218,"column":3}},"line":212},"36":{"name":"(anonymous_36)","decl":{"start":{"line":215,"column":11},"end":{"line":215,"column":12}},"loc":{"start":{"line":215,"column":21},"end":{"line":215,"column":26}},"line":215},"37":{"name":"(anonymous_37)","decl":{"start":{"line":220,"column":2},"end":{"line":220,"column":3}},"loc":{"start":{"line":220,"column":42},"end":{"line":233,"column":3}},"line":220},"38":{"name":"(anonymous_38)","decl":{"start":{"line":224,"column":43},"end":{"line":224,"column":44}},"loc":{"start":{"line":224,"column":59},"end":{"line":231,"column":5}},"line":224}},"branchMap":{"0":{"loc":{"start":{"line":5,"column":14},"end":{"line":5,"column":57}},"type":"default-arg","locations":[{"start":{"line":5,"column":21},"end":{"line":5,"column":57}}],"line":5},"1":{"loc":{"start":{"line":20,"column":8},"end":{"line":26,"column":9}},"type":"if","locations":[{"start":{"line":20,"column":8},"end":{"line":26,"column":9}},{"start":{},"end":{}}],"line":20},"2":{"loc":{"start":{"line":21,"column":10},"end":{"line":23,"column":42}},"type":"binary-expr","locations":[{"start":{"line":21,"column":10},"end":{"line":21,"column":39}},{"start":{"line":22,"column":10},"end":{"line":22,"column":42}},{"start":{"line":23,"column":10},"end":{"line":23,"column":42}}],"line":21},"3":{"loc":{"start":{"line":39,"column":8},"end":{"line":42,"column":9}},"type":"if","locations":[{"start":{"line":39,"column":8},"end":{"line":42,"column":9}},{"start":{},"end":{}}],"line":39},"4":{"loc":{"start":{"line":58,"column":6},"end":{"line":62,"column":7}},"type":"if","locations":[{"start":{"line":58,"column":6},"end":{"line":62,"column":7}},{"start":{},"end":{}}],"line":58},"5":{"loc":{"start":{"line":59,"column":8},"end":{"line":61,"column":9}},"type":"if","locations":[{"start":{"line":59,"column":8},"end":{"line":61,"column":9}},{"start":{},"end":{}}],"line":59},"6":{"loc":{"start":{"line":124,"column":6},"end":{"line":126,"column":7}},"type":"if","locations":[{"start":{"line":124,"column":6},"end":{"line":126,"column":7}},{"start":{},"end":{}}],"line":124},"7":{"loc":{"start":{"line":125,"column":15},"end":{"line":125,"column":49}},"type":"cond-expr","locations":[{"start":{"line":125,"column":43},"end":{"line":125,"column":44}},{"start":{"line":125,"column":47},"end":{"line":125,"column":49}}],"line":125},"8":{"loc":{"start":{"line":151,"column":8},"end":{"line":154,"column":9}},"type":"if","locations":[{"start":{"line":151,"column":8},"end":{"line":154,"column":9}},{"start":{},"end":{}}],"line":151},"9":{"loc":{"start":{"line":159,"column":8},"end":{"line":165,"column":9}},"type":"if","locations":[{"start":{"line":159,"column":8},"end":{"line":165,"column":9}},{"start":{},"end":{}}],"line":159},"10":{"loc":{"start":{"line":160,"column":10},"end":{"line":163,"column":11}},"type":"if","locations":[{"start":{"line":160,"column":10},"end":{"line":163,"column":11}},{"start":{},"end":{}}],"line":160},"11":{"loc":{"start":{"line":200,"column":6},"end":{"line":206,"column":7}},"type":"if","locations":[{"start":{"line":200,"column":6},"end":{"line":206,"column":7}},{"start":{},"end":{}}],"line":200},"12":{"loc":{"start":{"line":228,"column":6},"end":{"line":230,"column":7}},"type":"if","locations":[{"start":{"line":228,"column":6},"end":{"line":230,"column":7}},{"start":{},"end":{}}],"line":228}},"s":{"0":1,"1":1,"2":1,"3":1,"4":1,"5":2,"6":2,"7":25,"8":10,"9":2,"10":1,"11":1,"12":1,"13":1,"14":2,"15":10,"16":8,"17":8,"18":2,"19":1,"20":6,"21":9,"22":9,"23":45,"24":36,"25":17,"26":9,"27":2,"28":2,"29":112,"30":2,"31":1,"32":1,"33":1,"34":2,"35":2,"36":4,"37":88,"38":4,"39":1,"40":2,"41":2,"42":112,"43":2,"44":1,"45":1,"46":1,"47":2,"48":2,"49":4,"50":88,"51":4,"52":1,"53":1,"54":215,"55":16,"56":199,"57":1,"58":1,"59":1,"60":56,"61":1,"62":1,"63":1,"64":1,"65":1,"66":2,"67":2,"68":2,"69":2,"70":4,"71":4,"72":4,"73":4,"74":4,"75":4,"76":4,"77":2,"78":1,"79":1,"80":2,"81":1,"82":1,"83":1,"84":1,"85":2,"86":1,"87":1,"88":1,"89":1,"90":5,"91":1,"92":5,"93":5,"94":1,"95":1,"96":2,"97":1,"98":1,"99":1,"100":1,"101":2,"102":2,"103":2,"104":1,"105":1},"f":{"0":1,"1":1,"2":1,"3":2,"4":25,"5":1,"6":2,"7":10,"8":6,"9":9,"10":45,"11":2,"12":112,"13":1,"14":2,"15":4,"16":88,"17":2,"18":112,"19":1,"20":2,"21":4,"22":88,"23":1,"24":215,"25":1,"26":56,"27":1,"28":2,"29":4,"30":1,"31":2,"32":1,"33":5,"34":5,"35":1,"36":2,"37":1,"38":2},"b":{"0":[0],"1":[10,15],"2":[25,18,11],"3":[8,2],"4":[36,9],"5":[17,19],"6":[16,199],"7":[0,16],"8":[4,0],"9":[2,2],"10":[1,1],"11":[1,4],"12":[1,1]},"_coverageSchema":"1a1c01bbd47fc00a2c39e90264f33305004495a9","hash":"0707f9ef29b1abcbb88ccafa3f2aac5c70ec824f"}
,"/Users/hargunbedi/Desktop/capstone/aiboardgame/src/visualization_v1/src/tests/mockData.js": {"path":"/Users/hargunbedi/Desktop/capstone/aiboardgame/src/visualization_v1/src/tests/mockData.js","statementMap":{"0":{"start":{"line":3,"column":24},"end":{"line":183,"column":1}},"1":{"start":{"line":185,"column":29},"end":{"line":260,"column":1}},"2":{"start":{"line":262,"column":30},"end":{"line":337,"column":1}},"3":{"start":{"line":339,"column":34},"end":{"line":414,"column":1}},"4":{"start":{"line":416,"column":31},"end":{"line":424,"column":1}},"5":{"start":{"line":426,"column":32},"end":{"line":484,"column":1}},"6":{"start":{"line":486,"column":28},"end":{"line":544,"column":1}},"7":{"start":{"line":546,"column":42},"end":{"line":604,"column":1}},"8":{"start":{"line":606,"column":38},"end":{"line":664,"column":1}},"9":{"start":{"line":666,"column":41},"end":{"line":671,"column":1}},"10":{"start":{"line":673,"column":30},"end":{"line":692,"column":1}},"11":{"start":{"line":694,"column":27},"end":{"line":700,"column":1}},"12":{"start":{"line":702,"column":31},"end":{"line":708,"column":1}}},"fnMap":{},"branchMap":{},"s":{"0":1,"1":1,"2":1,"3":1,"4":1,"5":1,"6":1,"7":1,"8":1,"9":1,"10":1,"11":1,"12":1},"f":{},"b":{},"_coverageSchema":"1a1c01bbd47fc00a2c39e90264f33305004495a9","hash":"d29e576685503071af8582097fd15e10a9bfea47"}
}
