TN:
SF:src/data/getData.js
FN:5,(anonymous_0)
FN:10,(anonymous_1)
FN:14,(anonymous_2)
FN:16,(anonymous_3)
FN:19,(anonymous_4)
FN:33,(anonymous_5)
FN:37,(anonymous_6)
FN:38,(anonymous_7)
FN:50,(anonymous_8)
FN:54,(anonymous_9)
FN:57,(anonymous_10)
FN:68,(anonymous_11)
FN:70,(anonymous_12)
FN:77,(anonymous_13)
FN:81,(anonymous_14)
FN:84,(anonymous_15)
FN:86,(anonymous_16)
FN:95,(anonymous_17)
FN:97,(anonymous_18)
FN:104,(anonymous_19)
FN:108,(anonymous_20)
FN:111,(anonymous_21)
FN:113,(anonymous_22)
FN:122,(anonymous_23)
FN:123,(anonymous_24)
FN:131,(anonymous_25)
FN:134,(anonymous_26)
FN:140,(anonymous_27)
FN:145,(anonymous_28)
FN:149,(anonymous_29)
FN:172,(anonymous_30)
FN:175,(anonymous_31)
FN:196,(anonymous_32)
FN:199,(anonymous_33)
FN:201,(anonymous_34)
FN:212,(anonymous_35)
FN:215,(anonymous_36)
FN:220,(anonymous_37)
FN:224,(anonymous_38)
FNF:39
FNH:39
FNDA:1,(anonymous_0)
FNDA:1,(anonymous_1)
FNDA:1,(anonymous_2)
FNDA:2,(anonymous_3)
FNDA:25,(anonymous_4)
FNDA:1,(anonymous_5)
FNDA:2,(anonymous_6)
FNDA:10,(anonymous_7)
FNDA:6,(anonymous_8)
FNDA:9,(anonymous_9)
FNDA:45,(anonymous_10)
FNDA:2,(anonymous_11)
FNDA:112,(anonymous_12)
FNDA:1,(anonymous_13)
FNDA:2,(anonymous_14)
FNDA:4,(anonymous_15)
FNDA:88,(anonymous_16)
FNDA:2,(anonymous_17)
FNDA:112,(anonymous_18)
FNDA:1,(anonymous_19)
FNDA:2,(anonymous_20)
FNDA:4,(anonymous_21)
FNDA:88,(anonymous_22)
FNDA:1,(anonymous_23)
FNDA:215,(anonymous_24)
FNDA:1,(anonymous_25)
FNDA:56,(anonymous_26)
FNDA:1,(anonymous_27)
FNDA:2,(anonymous_28)
FNDA:4,(anonymous_29)
FNDA:1,(anonymous_30)
FNDA:2,(anonymous_31)
FNDA:1,(anonymous_32)
FNDA:5,(anonymous_33)
FNDA:5,(anonymous_34)
FNDA:1,(anonymous_35)
FNDA:2,(anonymous_36)
FNDA:1,(anonymous_37)
FNDA:2,(anonymous_38)
DA:6,1
DA:7,1
DA:11,1
DA:15,1
DA:16,1
DA:17,2
DA:19,2
DA:20,25
DA:25,10
DA:28,2
DA:30,1
DA:34,1
DA:35,1
DA:37,1
DA:38,2
DA:39,10
DA:40,8
DA:41,8
DA:45,2
DA:47,1
DA:51,6
DA:55,9
DA:57,9
DA:58,45
DA:59,36
DA:60,17
DA:65,9
DA:69,2
DA:70,2
DA:71,112
DA:74,2
DA:78,1
DA:80,1
DA:81,1
DA:82,2
DA:84,2
DA:85,4
DA:86,88
DA:88,4
DA:92,1
DA:96,2
DA:97,2
DA:98,112
DA:101,2
DA:105,1
DA:107,1
DA:108,1
DA:109,2
DA:111,2
DA:112,4
DA:113,88
DA:115,4
DA:119,1
DA:123,1
DA:124,215
DA:125,16
DA:127,199
DA:132,1
DA:133,1
DA:134,1
DA:135,56
DA:137,1
DA:141,1
DA:142,1
DA:143,1
DA:145,1
DA:146,2
DA:147,2
DA:148,2
DA:149,2
DA:150,4
DA:151,4
DA:152,4
DA:153,4
DA:156,4
DA:157,4
DA:159,4
DA:160,2
DA:161,1
DA:162,1
DA:164,2
DA:169,1
DA:173,1
DA:174,1
DA:175,1
DA:176,2
DA:179,1
DA:197,1
DA:198,1
DA:199,1
DA:200,5
DA:201,1
DA:202,5
DA:204,5
DA:209,1
DA:213,1
DA:215,2
DA:217,1
DA:221,1
DA:223,1
DA:224,1
DA:225,2
DA:226,2
DA:228,2
DA:229,1
DA:232,1
LF:106
LH:106
BRDA:5,0,0,0
BRDA:20,1,0,10
BRDA:20,1,1,15
BRDA:21,2,0,25
BRDA:21,2,1,18
BRDA:21,2,2,11
BRDA:39,3,0,8
BRDA:39,3,1,2
BRDA:58,4,0,36
BRDA:58,4,1,9
BRDA:59,5,0,17
BRDA:59,5,1,19
BRDA:124,6,0,16
BRDA:124,6,1,199
BRDA:125,7,0,0
BRDA:125,7,1,16
BRDA:151,8,0,4
BRDA:151,8,1,0
BRDA:159,9,0,2
BRDA:159,9,1,2
BRDA:160,10,0,1
BRDA:160,10,1,1
BRDA:200,11,0,1
BRDA:200,11,1,4
BRDA:228,12,0,1
BRDA:228,12,1,1
BRF:26
BRH:23
end_of_record
TN:
SF:src/tests/mockData.js
FNF:0
FNH:0
DA:3,1
DA:185,1
DA:262,1
DA:339,1
DA:416,1
DA:426,1
DA:486,1
DA:546,1
DA:606,1
DA:666,1
DA:673,1
DA:694,1
DA:702,1
LF:13
LH:13
BRF:0
BRH:0
end_of_record
